<?xml version="1.0" encoding="UTF-8"?>
<testsuite xmlns:xsi="http://www.w3.org/2001/XMLSchema-instance" xsi:noNamespaceSchemaLocation="https://maven.apache.org/surefire/maven-surefire-plugin/xsd/surefire-test-report.xsd" version="3.0.2" name="com.uts.Online.Booking.App.OnlineBookingAppApplicationTests" time="1.329" tests="1" errors="0" skipped="0" failures="0">
  <properties>
[...]
</properties>
  <testcase name="contextLoads" classname="com.uts.Online.Booking.App.OnlineBookingAppApplicationTests" time="0.389">
    <system-out><![CDATA[20:48:51.520 [main] INFO org.springframework.test.context.support.AnnotationConfigContextLoaderUtils -- Could not detect default configuration classes for test class [com.uts.Online.Booking.App.OnlineBookingAppApplicationTests]: OnlineBookingAppApplicationTests does not declare any static, non-private, non-final, nested classes annotated with @Configuration.
20:48:51.586 [main] INFO org.springframework.boot.test.context.SpringBootTestContextBootstrapper -- Found @SpringBootConfiguration com.uts.Online.Booking.App.OnlineBookingAppApplication for test class com.uts.Online.Booking.App.OnlineBookingAppApplicationTests

  .   ____          _            __ _ _
 /\\ / ___'_ __ _ _(_)_ __  __ _ \ \ \ \
( ( )\___ | '_ | '_| | '_ \/ _` | \ \ \ \
 \\/  ___)| |_)| | | | | || (_| |  ) ) ) )
  '  |____| .__|_| |_|_| |_\__, | / / / /
 =========|_|==============|___/=/_/_/_/

 :: Spring Boot ::                (v3.5.5)

2025-09-03T20:48:51.798+10:00  INFO 56359 --- [Online-Booking-App] [           main] u.O.B.A.OnlineBookingAppApplicationTests : Starting OnlineBookingAppApplicationTests using Java 24.0.1 with PID 56359 (started by edyantosugianto in /Users/edyantosugianto/Library/CloudStorage/OneDrive-UTS/Advanced Software Development/Online-Booking-App)
2025-09-03T20:48:51.799+10:00  INFO 56359 --- [Online-Booking-App] [           main] u.O.B.A.OnlineBookingAppApplicationTests : No active profile set, falling back to 1 default profile: "default"
2025-09-03T20:48:52.210+10:00  INFO 56359 --- [Online-Booking-App] [           main] o.s.b.a.w.s.WelcomePageHandlerMapping    : Adding welcome page template: index
2025-09-03T20:48:52.358+10:00  INFO 56359 --- [Online-Booking-App] [           main] .w.s.a.s.AnnotationActionEndpointMapping : Supporting [WS-Addressing August 2004, WS-Addressing 1.0]
2025-09-03T20:48:52.377+10:00  INFO 56359 --- [Online-Booking-App] [           main] u.O.B.A.OnlineBookingAppApplicationTests : Started OnlineBookingAppApplicationTests in 0.708 seconds (process running for 1.187)
]]></system-out>
    <system-err><![CDATA[Mockito is currently self-attaching to enable the inline-mock-maker. This will no longer work in future releases of the JDK. Please add Mockito as an agent to your build as described in Mockito's documentation: https://javadoc.io/doc/org.mockito/mockito-core/latest/org.mockito/org/mockito/Mockito.html#0.3
WARNING: A Java agent has been loaded dynamically (/Users/edyantosugianto/.m2/repository/net/bytebuddy/byte-buddy-agent/1.17.7/byte-buddy-agent-1.17.7.jar)
WARNING: If a serviceability tool is in use, please run with -XX:+EnableDynamicAgentLoading to hide this warning
WARNING: If a serviceability tool is not in use, please run with -Djdk.instrument.traceUsage for more information
WARNING: Dynamic loading of agents will be disallowed by default in a future release
]]></system-err>
  </testcase>
</testsuite>